[2025-06-04 16:59:55,106: INFO: main: >>>>>> stage Data Ingestion stage started <<<<<<]
[2025-06-04 16:59:55,108: INFO: common: yaml file: config\config.yaml loaded successfully]
[2025-06-04 16:59:55,108: INFO: common: yaml file: params.yaml loaded successfully]
[2025-06-04 16:59:55,109: INFO: common: created directory at: artifacts]
[2025-06-04 16:59:55,109: INFO: common: created directory at: artifacts/data_ingestion]
[2025-06-04 16:59:55,110: INFO: data_ingestion: Downloading data from https://drive.google.com/file/d/1z0mreUtRmR-P-magILsDR3T7M6IkGXtY/view?usp=sharing into file artifacts/data_ingestion/data.zip]
[2025-06-04 17:00:00,987: INFO: data_ingestion: Downloaded data from https://drive.google.com/file/d/1z0mreUtRmR-P-magILsDR3T7M6IkGXtY/view?usp=sharing into file artifacts/data_ingestion/data.zip]
[2025-06-04 17:00:01,604: INFO: main: >>>>>> stage Data Ingestion stage completed <<<<<<

x==========x]
[2025-06-04 17:36:42,628: INFO: main: >>>>>> stage Data Ingestion stage started <<<<<<]
[2025-06-04 17:36:42,632: INFO: common: yaml file: config\config.yaml loaded successfully]
[2025-06-04 17:36:42,633: INFO: common: yaml file: params.yaml loaded successfully]
[2025-06-04 17:36:42,633: INFO: common: created directory at: artifacts]
[2025-06-04 17:36:42,634: INFO: common: created directory at: artifacts/data_ingestion]
[2025-06-04 17:36:42,635: INFO: data_ingestion: Downloading data from https://drive.google.com/file/d/1z0mreUtRmR-P-magILsDR3T7M6IkGXtY/view?usp=sharing into file artifacts/data_ingestion/data.zip]
[2025-06-04 17:36:49,275: INFO: data_ingestion: Downloaded data from https://drive.google.com/file/d/1z0mreUtRmR-P-magILsDR3T7M6IkGXtY/view?usp=sharing into file artifacts/data_ingestion/data.zip]
[2025-06-04 17:36:50,085: INFO: main: >>>>>> stage Data Ingestion stage completed <<<<<<

x==========x]
[2025-06-05 17:08:50,674: INFO: main: >>>>>> stage Data Ingestion stage started <<<<<<]
[2025-06-05 17:08:50,678: INFO: common: yaml file: config\config.yaml loaded successfully]
[2025-06-05 17:08:50,681: INFO: common: yaml file: params.yaml loaded successfully]
[2025-06-05 17:08:50,683: INFO: common: created directory at: artifacts]
[2025-06-05 17:08:50,685: INFO: common: created directory at: artifacts/data_ingestion]
[2025-06-05 17:08:50,686: INFO: data_ingestion: Downloading data from https://drive.google.com/file/d/1z0mreUtRmR-P-magILsDR3T7M6IkGXtY/view?usp=sharing into file artifacts/data_ingestion/data.zip]
[2025-06-05 17:08:58,036: INFO: data_ingestion: Downloaded data from https://drive.google.com/file/d/1z0mreUtRmR-P-magILsDR3T7M6IkGXtY/view?usp=sharing into file artifacts/data_ingestion/data.zip]
[2025-06-05 17:08:58,968: INFO: main: >>>>>> stage Data Ingestion stage completed <<<<<<

x==========x]
[2025-06-09 14:22:34,835: INFO: main: >>>>>> stage Data Ingestion stage started <<<<<<]
[2025-06-09 14:22:34,837: INFO: common: yaml file: config\config.yaml loaded successfully]
[2025-06-09 14:22:34,840: INFO: common: yaml file: params.yaml loaded successfully]
[2025-06-09 14:22:34,841: INFO: common: created directory at: artifacts]
[2025-06-09 14:22:34,842: INFO: common: created directory at: artifacts/data_ingestion]
[2025-06-09 14:22:34,844: INFO: data_ingestion: Downloading data from https://drive.google.com/file/d/1z0mreUtRmR-P-magILsDR3T7M6IkGXtY/view?usp=sharing into file artifacts/data_ingestion/data.zip]
[2025-06-09 14:22:41,268: INFO: data_ingestion: Downloaded data from https://drive.google.com/file/d/1z0mreUtRmR-P-magILsDR3T7M6IkGXtY/view?usp=sharing into file artifacts/data_ingestion/data.zip]
[2025-06-09 14:22:42,129: INFO: main: >>>>>> stage Data Ingestion stage completed <<<<<<

x==========x]
[2025-06-09 14:22:42,130: INFO: main: *******************]
[2025-06-09 14:22:42,130: INFO: main: >>>>>> stage Prepare base model started <<<<<<]
[2025-06-09 14:22:42,132: INFO: common: yaml file: config\config.yaml loaded successfully]
[2025-06-09 14:22:42,135: INFO: common: yaml file: params.yaml loaded successfully]
[2025-06-09 14:22:42,135: INFO: common: created directory at: artifacts]
[2025-06-09 14:22:42,136: INFO: common: created directory at: artifacts/prepare_base_model]
[2025-06-09 14:22:42,747: WARNING: saving_utils: Compiled the loaded model, but the compiled metrics have yet to be built. `model.compile_metrics` will be empty until you train or evaluate the model.]
[2025-06-09 14:22:43,075: INFO: main: >>>>>> stage Prepare base model completed <<<<<<

x==========x]
[2025-06-09 15:13:38,478: INFO: common: yaml file: config\config.yaml loaded successfully]
[2025-06-09 15:13:38,484: INFO: common: yaml file: params.yaml loaded successfully]
[2025-06-09 15:13:38,489: INFO: common: created directory at: artifacts]
[2025-06-09 15:14:30,168: INFO: common: yaml file: config\config.yaml loaded successfully]
[2025-06-09 15:14:30,178: INFO: common: yaml file: params.yaml loaded successfully]
[2025-06-09 15:14:30,185: INFO: common: created directory at: artifacts]
[2025-06-09 15:14:30,192: INFO: common: created directory at: artifacts\training]
[2025-06-10 16:35:33,266: INFO: main: >>>>>> stage Data Ingestion stage started <<<<<<]
[2025-06-10 16:35:33,273: INFO: common: yaml file: config\config.yaml loaded successfully]
[2025-06-10 16:35:33,276: INFO: common: yaml file: params.yaml loaded successfully]
[2025-06-10 16:35:33,278: INFO: common: created directory at: artifacts]
[2025-06-10 16:35:33,280: INFO: common: created directory at: artifacts/data_ingestion]
[2025-06-10 16:35:33,283: INFO: data_ingestion: Downloading data from https://drive.google.com/file/d/1z0mreUtRmR-P-magILsDR3T7M6IkGXtY/view?usp=sharing into file artifacts/data_ingestion/data.zip]
[2025-06-10 16:35:40,775: INFO: data_ingestion: Downloaded data from https://drive.google.com/file/d/1z0mreUtRmR-P-magILsDR3T7M6IkGXtY/view?usp=sharing into file artifacts/data_ingestion/data.zip]
[2025-06-10 16:35:42,006: INFO: main: >>>>>> stage Data Ingestion stage completed <<<<<<

x==========x]
[2025-06-10 16:35:42,007: INFO: main: *******************]
[2025-06-10 16:35:42,007: INFO: main: >>>>>> stage Prepare base model started <<<<<<]
[2025-06-10 16:35:42,010: INFO: common: yaml file: config\config.yaml loaded successfully]
[2025-06-10 16:35:42,013: INFO: common: yaml file: params.yaml loaded successfully]
[2025-06-10 16:35:42,014: INFO: common: created directory at: artifacts]
[2025-06-10 16:35:42,015: INFO: common: created directory at: artifacts/prepare_base_model]
[2025-06-10 16:35:42,851: WARNING: saving_utils: Compiled the loaded model, but the compiled metrics have yet to be built. `model.compile_metrics` will be empty until you train or evaluate the model.]
[2025-06-10 16:35:43,230: INFO: main: >>>>>> stage Prepare base model completed <<<<<<

x==========x]
[2025-06-10 16:35:43,230: INFO: main: *******************]
[2025-06-10 16:35:43,231: INFO: main: >>>>>> stage Training started <<<<<<]
[2025-06-10 16:35:43,235: INFO: common: yaml file: config\config.yaml loaded successfully]
[2025-06-10 16:35:43,240: INFO: common: yaml file: params.yaml loaded successfully]
[2025-06-10 16:35:43,247: INFO: common: created directory at: artifacts]
[2025-06-10 16:35:43,249: INFO: common: created directory at: artifacts\training]
[2025-06-10 16:37:01,562: INFO: main: >>>>>> stage Training completed <<<<<<

x==========x]
[2025-06-12 11:07:12,808: INFO: common: yaml file: config\config.yaml loaded successfully]
[2025-06-12 11:07:12,812: INFO: common: yaml file: params.yaml loaded successfully]
[2025-06-12 11:07:12,814: INFO: common: created directory at: artifacts]
[2025-06-12 11:07:33,515: INFO: common: json file saved at: scores.json]
[2025-06-12 11:07:37,659: WARNING: save: Found untraced functions such as _jit_compiled_convolution_op, _jit_compiled_convolution_op, _jit_compiled_convolution_op, _jit_compiled_convolution_op, _jit_compiled_convolution_op while saving (showing 5 of 14). These functions will not be directly callable after loading.]
[2025-06-12 11:07:39,151: INFO: builder_impl: Assets written to: C:\Users\Soft11\AppData\Local\Temp\tmp2c045asm\model\data\model\assets]
[2025-06-12 17:48:24,522: INFO: _client: HTTP Request: GET https://dagshub.com/api/v1/repos/yeokim5/End-to-End-Classification-MLflow "HTTP/1.1 200 OK"]
[2025-06-12 17:48:24,608: INFO: helpers: Initialized MLflow to track repo "yeokim5/End-to-End-Classification-MLflow"]
[2025-06-12 17:48:24,614: INFO: helpers: Repository yeokim5/End-to-End-Classification-MLflow initialized!]
[2025-06-12 17:54:04,223: INFO: _client: HTTP Request: GET https://dagshub.com/api/v1/repos/yeokim5/End-to-End-Classification-MLflow "HTTP/1.1 200 OK"]
[2025-06-12 17:54:04,240: INFO: helpers: Initialized MLflow to track repo "yeokim5/End-to-End-Classification-MLflow"]
[2025-06-12 17:54:04,247: INFO: helpers: Repository yeokim5/End-to-End-Classification-MLflow initialized!]
[2025-06-12 17:57:08,656: INFO: _client: HTTP Request: GET https://dagshub.com/api/v1/repos/yeokim5/End-to-End-Classification-MLflow "HTTP/1.1 200 OK"]
[2025-06-12 17:57:08,679: INFO: helpers: Initialized MLflow to track repo "yeokim5/End-to-End-Classification-MLflow"]
[2025-06-12 17:57:08,691: INFO: helpers: Repository yeokim5/End-to-End-Classification-MLflow initialized!]
[2025-06-13 17:40:27,255: INFO: main: >>>>>> stage Data Ingestion stage started <<<<<<]
[2025-06-13 17:40:27,259: INFO: common: yaml file: config\config.yaml loaded successfully]
[2025-06-13 17:40:27,263: INFO: common: yaml file: params.yaml loaded successfully]
[2025-06-13 17:40:27,264: INFO: common: created directory at: artifacts]
[2025-06-13 17:40:27,265: INFO: common: created directory at: artifacts/data_ingestion]
[2025-06-13 17:40:27,266: INFO: data_ingestion: Downloading data from https://drive.google.com/file/d/1z0mreUtRmR-P-magILsDR3T7M6IkGXtY/view?usp=sharing into file artifacts/data_ingestion/data.zip]
[2025-06-13 17:40:35,677: INFO: data_ingestion: Downloaded data from https://drive.google.com/file/d/1z0mreUtRmR-P-magILsDR3T7M6IkGXtY/view?usp=sharing into file artifacts/data_ingestion/data.zip]
[2025-06-13 17:40:36,597: INFO: main: >>>>>> stage Data Ingestion stage completed <<<<<<

x==========x]
[2025-06-13 17:40:36,597: INFO: main: *******************]
[2025-06-13 17:40:36,598: INFO: main: >>>>>> stage Prepare base model started <<<<<<]
[2025-06-13 17:40:36,601: INFO: common: yaml file: config\config.yaml loaded successfully]
[2025-06-13 17:40:36,603: INFO: common: yaml file: params.yaml loaded successfully]
[2025-06-13 17:40:36,604: INFO: common: created directory at: artifacts]
[2025-06-13 17:40:36,605: INFO: common: created directory at: artifacts/prepare_base_model]
[2025-06-13 17:40:37,391: WARNING: saving_utils: Compiled the loaded model, but the compiled metrics have yet to be built. `model.compile_metrics` will be empty until you train or evaluate the model.]
[2025-06-13 17:40:37,769: INFO: main: >>>>>> stage Prepare base model completed <<<<<<

x==========x]
[2025-06-13 17:40:37,770: INFO: main: *******************]
[2025-06-13 17:40:37,770: INFO: main: >>>>>> stage Training started <<<<<<]
[2025-06-13 17:40:37,772: INFO: common: yaml file: config\config.yaml loaded successfully]
[2025-06-13 17:40:37,774: INFO: common: yaml file: params.yaml loaded successfully]
[2025-06-13 17:40:37,775: INFO: common: created directory at: artifacts]
[2025-06-13 17:40:37,776: INFO: common: created directory at: artifacts\training]
[2025-06-13 17:42:18,943: INFO: main: >>>>>> stage Training completed <<<<<<

x==========x]
[2025-06-13 17:42:18,943: INFO: main: *******************]
[2025-06-13 17:42:18,944: INFO: main: >>>>>> stage Evaluation stage started <<<<<<]
[2025-06-13 17:42:18,947: INFO: common: yaml file: config\config.yaml loaded successfully]
[2025-06-13 17:42:18,949: INFO: common: yaml file: params.yaml loaded successfully]
[2025-06-13 17:42:18,951: INFO: common: created directory at: artifacts]
[2025-06-13 17:42:34,966: INFO: common: json file saved at: scores.json]
[2025-06-13 17:42:34,968: INFO: common: json file saved at: scores.json]
[2025-06-13 17:42:34,969: INFO: main: >>>>>> stage Evaluation stage completed <<<<<<

x==========x]
[2025-06-13 17:45:20,650: INFO: main: >>>>>> stage Data Ingestion stage started <<<<<<]
[2025-06-13 17:45:20,654: INFO: common: yaml file: config\config.yaml loaded successfully]
[2025-06-13 17:45:20,656: INFO: common: yaml file: params.yaml loaded successfully]
[2025-06-13 17:45:20,657: INFO: common: created directory at: artifacts]
[2025-06-13 17:45:20,657: INFO: common: created directory at: artifacts/data_ingestion]
[2025-06-13 17:45:20,658: INFO: data_ingestion: Downloading data from https://drive.google.com/file/d/1z0mreUtRmR-P-magILsDR3T7M6IkGXtY/view?usp=sharing into file artifacts/data_ingestion/data.zip]
[2025-06-13 17:45:28,886: INFO: data_ingestion: Downloaded data from https://drive.google.com/file/d/1z0mreUtRmR-P-magILsDR3T7M6IkGXtY/view?usp=sharing into file artifacts/data_ingestion/data.zip]
[2025-06-13 17:45:29,693: INFO: main: >>>>>> stage Data Ingestion stage completed <<<<<<

x==========x]
[2025-06-13 17:45:29,693: INFO: main: *******************]
[2025-06-13 17:45:29,695: INFO: main: >>>>>> stage Prepare base model started <<<<<<]
[2025-06-13 17:45:29,699: INFO: common: yaml file: config\config.yaml loaded successfully]
[2025-06-13 17:45:29,703: INFO: common: yaml file: params.yaml loaded successfully]
[2025-06-13 17:45:29,704: INFO: common: created directory at: artifacts]
[2025-06-13 17:45:29,705: INFO: common: created directory at: artifacts/prepare_base_model]
[2025-06-13 17:45:30,332: WARNING: saving_utils: Compiled the loaded model, but the compiled metrics have yet to be built. `model.compile_metrics` will be empty until you train or evaluate the model.]
[2025-06-13 17:45:30,713: INFO: main: >>>>>> stage Prepare base model completed <<<<<<

x==========x]
[2025-06-13 17:45:30,714: INFO: main: *******************]
[2025-06-13 17:45:30,714: INFO: main: >>>>>> stage Training started <<<<<<]
[2025-06-13 17:45:30,717: INFO: common: yaml file: config\config.yaml loaded successfully]
[2025-06-13 17:45:30,719: INFO: common: yaml file: params.yaml loaded successfully]
[2025-06-13 17:45:30,720: INFO: common: created directory at: artifacts]
[2025-06-13 17:45:30,721: INFO: common: created directory at: artifacts\training]
[2025-06-13 17:48:13,769: INFO: main: >>>>>> stage Training completed <<<<<<

x==========x]
[2025-06-13 17:48:13,769: INFO: main: *******************]
[2025-06-13 17:48:13,770: INFO: main: >>>>>> stage Evaluation stage started <<<<<<]
[2025-06-13 17:48:13,773: INFO: common: yaml file: config\config.yaml loaded successfully]
[2025-06-13 17:48:13,775: INFO: common: yaml file: params.yaml loaded successfully]
[2025-06-13 17:48:13,776: INFO: common: created directory at: artifacts]
[2025-06-13 17:48:14,671: INFO: _client: HTTP Request: GET https://dagshub.com/api/v1/user "HTTP/1.1 200 OK"]
[2025-06-13 17:48:14,678: INFO: helpers: Accessing as yeokim5]
[2025-06-13 17:48:15,486: INFO: _client: HTTP Request: GET https://dagshub.com/api/v1/repos/yeokim5/End-to-End-Classification-MLflow "HTTP/1.1 200 OK"]
[2025-06-13 17:48:16,392: INFO: _client: HTTP Request: GET https://dagshub.com/api/v1/user "HTTP/1.1 200 OK"]
[2025-06-13 17:48:16,395: INFO: helpers: Initialized MLflow to track repo "yeokim5/End-to-End-Classification-MLflow"]
[2025-06-13 17:48:16,396: INFO: helpers: Repository yeokim5/End-to-End-Classification-MLflow initialized!]
[2025-06-13 17:48:30,711: INFO: common: json file saved at: scores.json]
[2025-06-13 17:48:30,713: INFO: common: json file saved at: scores.json]
[2025-06-13 17:48:30,714: INFO: main: >>>>>> stage Evaluation stage completed <<<<<<

x==========x]
[2025-06-13 17:51:02,452: INFO: main: >>>>>> stage Data Ingestion stage started <<<<<<]
[2025-06-13 17:51:02,457: INFO: common: yaml file: config\config.yaml loaded successfully]
[2025-06-13 17:51:02,460: INFO: common: yaml file: params.yaml loaded successfully]
[2025-06-13 17:51:02,462: INFO: common: created directory at: artifacts]
[2025-06-13 17:51:03,370: INFO: _client: HTTP Request: GET https://dagshub.com/api/v1/user "HTTP/1.1 200 OK"]
[2025-06-13 17:51:03,375: INFO: helpers: Accessing as yeokim5]
[2025-06-13 17:51:04,353: INFO: _client: HTTP Request: GET https://dagshub.com/api/v1/repos/yeokim5/End-to-End-Classification-MLflow "HTTP/1.1 200 OK"]
[2025-06-13 17:51:05,470: INFO: _client: HTTP Request: GET https://dagshub.com/api/v1/user "HTTP/1.1 200 OK"]
[2025-06-13 17:51:05,475: INFO: helpers: Initialized MLflow to track repo "yeokim5/End-to-End-Classification-MLflow"]
[2025-06-13 17:51:05,477: INFO: helpers: Repository yeokim5/End-to-End-Classification-MLflow initialized!]
[2025-06-13 17:51:05,480: INFO: common: created directory at: artifacts/data_ingestion]
[2025-06-13 17:51:05,482: INFO: data_ingestion: Downloading data from https://drive.google.com/file/d/1z0mreUtRmR-P-magILsDR3T7M6IkGXtY/view?usp=sharing into file artifacts/data_ingestion/data.zip]
[2025-06-13 17:51:14,589: INFO: data_ingestion: Downloaded data from https://drive.google.com/file/d/1z0mreUtRmR-P-magILsDR3T7M6IkGXtY/view?usp=sharing into file artifacts/data_ingestion/data.zip]
[2025-06-13 17:51:15,402: INFO: main: >>>>>> stage Data Ingestion stage completed <<<<<<

x==========x]
[2025-06-13 17:51:15,403: INFO: main: *******************]
[2025-06-13 17:51:15,404: INFO: main: >>>>>> stage Prepare base model started <<<<<<]
[2025-06-13 17:51:15,407: INFO: common: yaml file: config\config.yaml loaded successfully]
[2025-06-13 17:51:15,412: INFO: common: yaml file: params.yaml loaded successfully]
[2025-06-13 17:51:15,414: INFO: common: created directory at: artifacts]
[2025-06-13 17:51:16,699: INFO: _client: HTTP Request: GET https://dagshub.com/api/v1/repos/yeokim5/End-to-End-Classification-MLflow "HTTP/1.1 200 OK"]
[2025-06-13 17:51:16,704: INFO: helpers: Initialized MLflow to track repo "yeokim5/End-to-End-Classification-MLflow"]
[2025-06-13 17:51:16,705: INFO: helpers: Repository yeokim5/End-to-End-Classification-MLflow initialized!]
[2025-06-13 17:51:16,705: INFO: common: created directory at: artifacts/prepare_base_model]
[2025-06-13 17:51:16,707: ERROR: main: When setting `include_top=True` and loading `imagenet` weights, `input_shape` should be (224, 224, 3).  Received: input_shape=[224, 224, 3]]
Traceback (most recent call last):
  File ".\main.py", line 25, in <module>
    prepare_base_model.main()
  File "c:\users\soft11\downloads\end-to-end-classification-mlflow\src\cnnClassifier\pipeline\stage_02_prepare_base_model.py", line 19, in main
    prepare_base_model.get_base_model()
  File "c:\users\soft11\downloads\end-to-end-classification-mlflow\src\cnnClassifier\components\prepare_base_model.py", line 14, in get_base_model
    self.model = tf.keras.applications.vgg16.VGG16(
  File "C:\Users\Soft11\Miniconda3\envs\cancer_detection\lib\site-packages\keras\applications\vgg16.py", line 137, in VGG16
    input_shape = imagenet_utils.obtain_input_shape(
  File "C:\Users\Soft11\Miniconda3\envs\cancer_detection\lib\site-packages\keras\applications\imagenet_utils.py", line 367, in obtain_input_shape
    raise ValueError(
ValueError: When setting `include_top=True` and loading `imagenet` weights, `input_shape` should be (224, 224, 3).  Received: input_shape=[224, 224, 3]
[2025-06-13 17:52:05,514: INFO: common: yaml file: config\config.yaml loaded successfully]
[2025-06-13 17:52:05,518: INFO: common: yaml file: params.yaml loaded successfully]
[2025-06-13 17:52:05,521: INFO: common: created directory at: artifacts]
[2025-06-13 17:52:22,386: INFO: common: json file saved at: scores.json]
[2025-06-13 17:52:25,974: WARNING: save: Found untraced functions such as _jit_compiled_convolution_op, _jit_compiled_convolution_op, _jit_compiled_convolution_op, _jit_compiled_convolution_op, _jit_compiled_convolution_op while saving (showing 5 of 14). These functions will not be directly callable after loading.]
[2025-06-13 17:52:26,670: INFO: builder_impl: Assets written to: C:\Users\Soft11\AppData\Local\Temp\tmpjrlxfkju\model\data\model\assets]
[2025-06-13 17:54:59,502: INFO: main: >>>>>> stage Data Ingestion stage started <<<<<<]
[2025-06-13 17:54:59,507: INFO: common: yaml file: config\config.yaml loaded successfully]
[2025-06-13 17:54:59,511: INFO: common: yaml file: params.yaml loaded successfully]
[2025-06-13 17:54:59,512: INFO: common: created directory at: artifacts]
[2025-06-13 17:55:00,643: INFO: _client: HTTP Request: GET https://dagshub.com/api/v1/repos/yeokim5/End-to-End-Classification-MLflow "HTTP/1.1 200 OK"]
[2025-06-13 17:55:00,651: INFO: helpers: Initialized MLflow to track repo "yeokim5/End-to-End-Classification-MLflow"]
[2025-06-13 17:55:00,653: INFO: helpers: Repository yeokim5/End-to-End-Classification-MLflow initialized!]
[2025-06-13 17:55:00,656: INFO: common: created directory at: artifacts/data_ingestion]
[2025-06-13 17:55:00,658: INFO: data_ingestion: Downloading data from https://drive.google.com/file/d/1z0mreUtRmR-P-magILsDR3T7M6IkGXtY/view?usp=sharing into file artifacts/data_ingestion/data.zip]
[2025-06-13 17:55:09,982: INFO: data_ingestion: Downloaded data from https://drive.google.com/file/d/1z0mreUtRmR-P-magILsDR3T7M6IkGXtY/view?usp=sharing into file artifacts/data_ingestion/data.zip]
[2025-06-13 17:55:10,861: INFO: main: >>>>>> stage Data Ingestion stage completed <<<<<<

x==========x]
[2025-06-13 17:55:10,861: INFO: main: *******************]
[2025-06-13 17:55:10,862: INFO: main: >>>>>> stage Prepare base model started <<<<<<]
[2025-06-13 17:55:10,865: INFO: common: yaml file: config\config.yaml loaded successfully]
[2025-06-13 17:55:10,868: INFO: common: yaml file: params.yaml loaded successfully]
[2025-06-13 17:55:10,869: INFO: common: created directory at: artifacts]
[2025-06-13 17:55:12,002: INFO: _client: HTTP Request: GET https://dagshub.com/api/v1/repos/yeokim5/End-to-End-Classification-MLflow "HTTP/1.1 200 OK"]
[2025-06-13 17:55:12,009: INFO: helpers: Initialized MLflow to track repo "yeokim5/End-to-End-Classification-MLflow"]
[2025-06-13 17:55:12,011: INFO: helpers: Repository yeokim5/End-to-End-Classification-MLflow initialized!]
[2025-06-13 17:55:12,012: INFO: common: created directory at: artifacts/prepare_base_model]
[2025-06-13 17:55:12,012: ERROR: main: When setting `include_top=True` and loading `imagenet` weights, `input_shape` should be (224, 224, 3).  Received: input_shape=[224, 224, 3]]
Traceback (most recent call last):
  File ".\main.py", line 28, in <module>
    prepare_base_model.main()
  File "c:\users\soft11\downloads\end-to-end-classification-mlflow\src\cnnClassifier\pipeline\stage_02_prepare_base_model.py", line 19, in main
    prepare_base_model.get_base_model()
  File "c:\users\soft11\downloads\end-to-end-classification-mlflow\src\cnnClassifier\components\prepare_base_model.py", line 14, in get_base_model
    self.model = tf.keras.applications.vgg16.VGG16(
  File "C:\Users\Soft11\Miniconda3\envs\cancer_detection\lib\site-packages\keras\applications\vgg16.py", line 137, in VGG16
    input_shape = imagenet_utils.obtain_input_shape(
  File "C:\Users\Soft11\Miniconda3\envs\cancer_detection\lib\site-packages\keras\applications\imagenet_utils.py", line 367, in obtain_input_shape
    raise ValueError(
ValueError: When setting `include_top=True` and loading `imagenet` weights, `input_shape` should be (224, 224, 3).  Received: input_shape=[224, 224, 3]
[2025-06-13 17:57:08,448: INFO: main: >>>>>> stage Data Ingestion stage started <<<<<<]
[2025-06-13 17:57:08,451: INFO: common: yaml file: config\config.yaml loaded successfully]
[2025-06-13 17:57:08,452: INFO: common: yaml file: params.yaml loaded successfully]
[2025-06-13 17:57:08,453: INFO: common: created directory at: artifacts]
[2025-06-13 17:57:09,265: INFO: _client: HTTP Request: GET https://dagshub.com/api/v1/repos/yeokim5/End-to-End-Classification-MLflow "HTTP/1.1 200 OK"]
[2025-06-13 17:57:09,268: INFO: helpers: Initialized MLflow to track repo "yeokim5/End-to-End-Classification-MLflow"]
[2025-06-13 17:57:09,269: INFO: helpers: Repository yeokim5/End-to-End-Classification-MLflow initialized!]
[2025-06-13 17:57:09,271: INFO: common: created directory at: artifacts/data_ingestion]
[2025-06-13 17:57:09,273: INFO: data_ingestion: Downloading data from https://drive.google.com/file/d/1z0mreUtRmR-P-magILsDR3T7M6IkGXtY/view?usp=sharing into file artifacts/data_ingestion/data.zip]
[2025-06-13 17:57:16,551: INFO: data_ingestion: Downloaded data from https://drive.google.com/file/d/1z0mreUtRmR-P-magILsDR3T7M6IkGXtY/view?usp=sharing into file artifacts/data_ingestion/data.zip]
[2025-06-13 17:57:17,274: INFO: main: >>>>>> stage Data Ingestion stage completed <<<<<<

x==========x]
[2025-06-13 17:57:17,275: INFO: main: *******************]
[2025-06-13 17:57:17,275: INFO: main: >>>>>> stage Prepare base model started <<<<<<]
[2025-06-13 17:57:17,279: INFO: common: yaml file: config\config.yaml loaded successfully]
[2025-06-13 17:57:17,283: INFO: common: yaml file: params.yaml loaded successfully]
[2025-06-13 17:57:17,284: INFO: common: created directory at: artifacts]
[2025-06-13 17:57:18,057: INFO: _client: HTTP Request: GET https://dagshub.com/api/v1/repos/yeokim5/End-to-End-Classification-MLflow "HTTP/1.1 200 OK"]
[2025-06-13 17:57:18,060: INFO: helpers: Initialized MLflow to track repo "yeokim5/End-to-End-Classification-MLflow"]
[2025-06-13 17:57:18,061: INFO: helpers: Repository yeokim5/End-to-End-Classification-MLflow initialized!]
[2025-06-13 17:57:18,062: INFO: common: created directory at: artifacts/prepare_base_model]
[2025-06-13 17:57:46,859: WARNING: saving_utils: Compiled the loaded model, but the compiled metrics have yet to be built. `model.compile_metrics` will be empty until you train or evaluate the model.]
[2025-06-13 17:57:47,847: ERROR: main: The name "flatten" is used 2 times in the model. All layer names should be unique.]
Traceback (most recent call last):
  File ".\main.py", line 28, in <module>
    prepare_base_model.main()
  File "c:\users\soft11\downloads\end-to-end-classification-mlflow\src\cnnClassifier\pipeline\stage_02_prepare_base_model.py", line 20, in main
    prepare_base_model.update_base_model()
  File "c:\users\soft11\downloads\end-to-end-classification-mlflow\src\cnnClassifier\components\prepare_base_model.py", line 55, in update_base_model
    self.full_model = self._prepare_full_model(
  File "c:\users\soft11\downloads\end-to-end-classification-mlflow\src\cnnClassifier\components\prepare_base_model.py", line 39, in _prepare_full_model
    full_model = tf.keras.models.Model(
  File "C:\Users\Soft11\Miniconda3\envs\cancer_detection\lib\site-packages\tensorflow\python\trackable\base.py", line 205, in _method_wrapper
    result = method(self, *args, **kwargs)
  File "C:\Users\Soft11\Miniconda3\envs\cancer_detection\lib\site-packages\keras\engine\functional.py", line 167, in __init__
    self._init_graph_network(inputs, outputs)
  File "C:\Users\Soft11\Miniconda3\envs\cancer_detection\lib\site-packages\tensorflow\python\trackable\base.py", line 205, in _method_wrapper
    result = method(self, *args, **kwargs)
  File "C:\Users\Soft11\Miniconda3\envs\cancer_detection\lib\site-packages\keras\engine\functional.py", line 266, in _init_graph_network
    nodes, nodes_by_depth, layers, _ = _map_graph_network(
  File "C:\Users\Soft11\Miniconda3\envs\cancer_detection\lib\site-packages\keras\engine\functional.py", line 1157, in _map_graph_network
    raise ValueError(
ValueError: The name "flatten" is used 2 times in the model. All layer names should be unique.
